#
# There is insufficient memory for the Java Runtime Environment to continue.
# Native memory allocation (malloc) failed to allocate 1504512 bytes for Chunk::new
# Possible reasons:
#   The system is out of physical RAM or swap space
#   In 32 bit mode, the process size limit was hit
# Possible solutions:
#   Reduce memory load on the system
#   Increase physical memory or swap space
#   Check if swap backing store is full
#   Use 64 bit Java on a 64 bit OS
#   Decrease Java heap size (-Xmx/-Xms)
#   Decrease number of Java threads
#   Decrease Java thread stack sizes (-Xss)
#   Set larger code cache with -XX:ReservedCodeCacheSize=
# This output file may be truncated or incomplete.
#
#  Out of Memory Error (allocation.cpp:390), pid=32664, tid=0x00000000000002fc
#
# JRE version: OpenJDK Runtime Environment (8.0_152-b02) (build 1.8.0_152-release-1024-b02)
# Java VM: OpenJDK 64-Bit Server VM (25.152-b02 mixed mode windows-amd64 compressed oops)
# Failed to write core dump. Minidumps are not enabled by default on client versions of Windows
#

---------------  T H R E A D  ---------------

Current thread (0x00000000165d8000):  JavaThread "C2 CompilerThread0" daemon [_thread_in_native, id=764, stack(0x0000000017ee0000,0x0000000017fe0000)]

Stack: [0x0000000017ee0000,0x0000000017fe0000]
[error occurred during error reporting (printing stack bounds), id 0xc0000005]

Native frames: (J=compiled Java code, j=interpreted, Vv=VM code, C=native code)


Current CompileTask:
C2:1209920 8032   !   4       java.io.ObjectOutputStream::writeOrdinaryObject (175 bytes)


---------------  P R O C E S S  ---------------

Java Threads: ( => current thread )
  0x000000001ccb2800 JavaThread "build operations Thread 4" [_thread_blocked, id=34216, stack(0x0000000023c10000,0x0000000023d10000)]
  0x000000001ccad800 JavaThread "build operations Thread 3" [_thread_blocked, id=37356, stack(0x0000000023b10000,0x0000000023c10000)]
  0x000000001ccb1000 JavaThread "build operations Thread 2" [_thread_blocked, id=27540, stack(0x0000000023a10000,0x0000000023b10000)]
  0x000000001ccb4000 JavaThread "build operations" [_thread_blocked, id=32972, stack(0x0000000023910000,0x0000000023a10000)]
  0x000000001ccb2000 JavaThread "Cache worker for Artifact transforms cache (C:\Users\locate\.gradle\caches\transforms-1)" [_thread_blocked, id=37468, stack(0x0000000023810000,0x0000000023910000)]
  0x000000001ccb3800 JavaThread "Cache worker for file hash cache (F:\WorkplaceBackup\ArRobot\.gradle\4.4\fileHashes)" [_thread_blocked, id=34260, stack(0x0000000023710000,0x0000000023810000)]
  0x000000001ccb0800 JavaThread "Stdin handler" [_thread_blocked, id=33200, stack(0x0000000023610000,0x0000000023710000)]
  0x000000001cca6000 JavaThread "Asynchronous log dispatcher for DefaultDaemonConnection: socket connection from /127.0.0.1:57852 to /127.0.0.1:58823" [_thread_blocked, id=37832, stack(0x0000000023510000,0x0000000023610000)]
  0x000000001cca5000 JavaThread "Daemon worker Thread 2" [_thread_in_Java, id=5288, stack(0x0000000023410000,0x0000000023510000)]
  0x000000001ccaa800 JavaThread "Cancel handler" [_thread_blocked, id=31484, stack(0x0000000023310000,0x0000000023410000)]
  0x000000001cca8000 JavaThread "Handler for socket connection from /127.0.0.1:57852 to /127.0.0.1:58823" [_thread_in_native, id=28720, stack(0x0000000023210000,0x0000000023310000)]
  0x000000001ccac000 JavaThread "Daemon Thread 2" [_thread_blocked, id=36496, stack(0x0000000023110000,0x0000000023210000)]
  0x000000001cca9800 JavaThread "Memory manager" [_thread_blocked, id=34332, stack(0x0000000021540000,0x0000000021640000)]
  0x000000001978f800 JavaThread "File lock request listener" [_thread_in_native, id=6432, stack(0x000000001ab60000,0x000000001ac60000)]
  0x000000001978e800 JavaThread "Cache worker for file hash cache (C:\Users\locate\.gradle\caches\4.4\fileHashes)" [_thread_blocked, id=34836, stack(0x000000001aa60000,0x000000001ab60000)]
  0x0000000019375800 JavaThread "Daemon periodic checks" [_thread_blocked, id=34556, stack(0x0000000019f60000,0x000000001a060000)]
  0x0000000019367800 JavaThread "Incoming local TCP Connector on port 57852" [_thread_in_native, id=11016, stack(0x0000000019db0000,0x0000000019eb0000)]
  0x000000001795c000 JavaThread "Service Thread" daemon [_thread_blocked, id=9036, stack(0x00000000181e0000,0x00000000182e0000)]
  0x00000000178ed000 JavaThread "C1 CompilerThread2" daemon [_thread_blocked, id=36868, stack(0x00000000180e0000,0x00000000181e0000)]
  0x00000000165dc800 JavaThread "C2 CompilerThread1" daemon [_thread_in_native, id=35240, stack(0x0000000017fe0000,0x00000000180e0000)]
=>0x00000000165d8000 JavaThread "C2 CompilerThread0" daemon [_thread_in_native, id=764, stack(0x0000000017ee0000,0x0000000017fe0000)]
  0x000000001658e000 JavaThread "Attach Listener" daemon [_thread_blocked, id=8768, stack(0x0000000017de0000,0x0000000017ee0000)]
  0x00000000178e8800 JavaThread "Signal Dispatcher" daemon [_thread_blocked, id=13396, stack(0x0000000017ce0000,0x0000000017de0000)]
  0x0000000002c0c000 JavaThread "Finalizer" daemon [_thread_blocked, id=33000, stack(0x00000000177e0000,0x00000000178e0000)]
  0x0000000016547000 JavaThread "Reference Handler" daemon [_thread_blocked, id=18740, stack(0x00000000176e0000,0x00000000177e0000)]
  0x00000000025fd800 JavaThread "main" [_thread_blocked, id=37872, stack(0x0000000002a10000,0x0000000002b10000)]

Other Threads:
  0x0000000016546000 VMThread [stack: 0x00000000175e0000,0x00000000176e0000] [id=28564]
  0x0000000017975800 WatcherThread [stack: 0x00000000182e0000,0x00000000183e0000] [id=34480]

VM state:not at safepoint (normal execution)

VM Mutex/Monitor currently owned by a thread: None

Heap:
 PSYoungGen      total 197632K, used 53643K [0x00000000e0000000, 0x00000000f2f80000, 0x0000000100000000)
  eden space 173568K, 30% used [0x00000000e0000000,0x00000000e3462ca8,0x00000000ea980000)
  from space 24064K, 0% used [0x00000000ea980000,0x00000000ea980000,0x00000000ec100000)
  to   space 23040K, 0% used [0x00000000f1900000,0x00000000f1900000,0x00000000f2f80000)
 ParOldGen       total 133120K, used 38066K [0x00000000a0000000, 0x00000000a8200000, 0x00000000e0000000)
  object space 133120K, 28% used [0x00000000a0000000,0x00000000a252ca80,0x00000000a8200000)
 Metaspace       used 58301K, capacity 60220K, committed 60544K, reserved 1101824K
  class space    used 7746K, capacity 8193K, committed 8320K, reserved 1048576K

Card table byte_map: [0x0000000011fd0000,0x00000000122e0000] byte_map_base: 0x0000000011ad0000

Marking Bits: (ParMarkBitMap*) 0x00000000687a4970
 Begin Bits: [0x00000000128e0000, 0x00000000140e0000)
 End Bits:   [0x00000000140e0000, 0x00000000158e0000)

Polling page: 0x0000000000c30000

CodeCache: size=245760Kb used=22312Kb max_used=22312Kb free=223447Kb
 bounds [0x0000000002c10000, 0x0000000004200000, 0x0000000011c10000]
 total_blobs=7765 nmethods=6969 adapters=708
 compilation: enabled

Compilation events (10 events):
Event: 1209.838 Thread 0x00000000178ed000 nmethod 8195 0x00000000041f1c90 code [0x00000000041f1de0, 0x00000000041f1f30]
Event: 1209.838 Thread 0x00000000178ed000 8196       2       com.sun.org.apache.xerces.internal.impl.xs.XMLSchemaValidator$XPathMatcherStack::popContext (12 bytes)
Event: 1209.838 Thread 0x00000000178ed000 nmethod 8196 0x00000000041f1fd0 code [0x00000000041f2120, 0x00000000041f22b0]
Event: 1209.838 Thread 0x00000000178ed000 8197       2       com.sun.org.apache.xerces.internal.impl.xs.XMLSchemaValidator$ValueStoreCache::endElement (141 bytes)
Event: 1209.839 Thread 0x00000000178ed000 nmethod 8197 0x00000000041f23d0 code [0x00000000041f2640, 0x00000000041f3558]
Event: 1209.839 Thread 0x00000000178ed000 8198       2       com.sun.org.apache.xerces.internal.impl.xs.XMLSchemaValidator::endElementPSVI (303 bytes)
Event: 1209.839 Thread 0x00000000178ed000 nmethod 8198 0x00000000041f3e90 code [0x00000000041f4020, 0x00000000041f4408]
Event: 1209.839 Thread 0x00000000178ed000 8199   !   2       com.sun.org.apache.xerces.internal.jaxp.validation.ValidatorHandlerImpl::endElement (82 bytes)
Event: 1209.839 Thread 0x00000000178ed000 nmethod 8199 0x00000000041f4610 code [0x00000000041f47a0, 0x00000000041f4ab8]
Event: 1209.839 Thread 0x00000000178ed000 8200   !   2       com.sun.xml.bind.v2.runtime.unmarshaller.UnmarshallingContext::endElement (91 bytes)

GC Heap History (10 events):
Event: 6.646 GC heap before
{Heap before GC invocations=10 (full 2):
 PSYoungGen      total 141312K, used 131584K [0x00000000e0000000, 0x00000000ea980000, 0x0000000100000000)
  eden space 131584K, 100% used [0x00000000e0000000,0x00000000e8080000,0x00000000e8080000)
  from space 9728K, 0% used [0x00000000e8080000,0x00000000e8080000,0x00000000e8a00000)
  to   space 12800K, 0% used [0x00000000e9d00000,0x00000000e9d00000,0x00000000ea980000)
 ParOldGen       total 103424K, used 19599K [0x00000000a0000000, 0x00000000a6500000, 0x00000000e0000000)
  object space 103424K, 18% used [0x00000000a0000000,0x00000000a1323ff0,0x00000000a6500000)
 Metaspace       used 42977K, capacity 43892K, committed 44160K, reserved 1087488K
  class space    used 5921K, capacity 6175K, committed 6272K, reserved 1048576K
Event: 6.661 GC heap after
Heap after GC invocations=10 (full 2):
 PSYoungGen      total 158720K, used 12773K [0x00000000e0000000, 0x00000000ed080000, 0x0000000100000000)
  eden space 145920K, 0% used [0x00000000e0000000,0x00000000e0000000,0x00000000e8e80000)
  from space 12800K, 99% used [0x00000000e9d00000,0x00000000ea9795b0,0x00000000ea980000)
  to   space 14848K, 0% used [0x00000000e8e80000,0x00000000e8e80000,0x00000000e9d00000)
 ParOldGen       total 103424K, used 21049K [0x00000000a0000000, 0x00000000a6500000, 0x00000000e0000000)
  object space 103424K, 20% used [0x00000000a0000000,0x00000000a148e768,0x00000000a6500000)
 Metaspace       used 42977K, capacity 43892K, committed 44160K, reserved 1087488K
  class space    used 5921K, capacity 6175K, committed 6272K, reserved 1048576K
}
Event: 8.709 GC heap before
{Heap before GC invocations=11 (full 2):
 PSYoungGen      total 158720K, used 158693K [0x00000000e0000000, 0x00000000ed080000, 0x0000000100000000)
  eden space 145920K, 100% used [0x00000000e0000000,0x00000000e8e80000,0x00000000e8e80000)
  from space 12800K, 99% used [0x00000000e9d00000,0x00000000ea9795b0,0x00000000ea980000)
  to   space 14848K, 0% used [0x00000000e8e80000,0x00000000e8e80000,0x00000000e9d00000)
 ParOldGen       total 103424K, used 21049K [0x00000000a0000000, 0x00000000a6500000, 0x00000000e0000000)
  object space 103424K, 20% used [0x00000000a0000000,0x00000000a148e768,0x00000000a6500000)
 Metaspace       used 52207K, capacity 53814K, committed 53888K, reserved 1095680K
  class space    used 7137K, capacity 7550K, committed 7552K, reserved 1048576K
Event: 8.725 GC heap after
Heap after GC invocations=11 (full 2):
 PSYoungGen      total 160768K, used 14833K [0x00000000e0000000, 0x00000000ed380000, 0x0000000100000000)
  eden space 145920K, 0% used [0x00000000e0000000,0x00000000e0000000,0x00000000e8e80000)
  from space 14848K, 99% used [0x00000000e8e80000,0x00000000e9cfc5c8,0x00000000e9d00000)
  to   space 18944K, 0% used [0x00000000ec100000,0x00000000ec100000,0x00000000ed380000)
 ParOldGen       total 103424K, used 26839K [0x00000000a0000000, 0x00000000a6500000, 0x00000000e0000000)
  object space 103424K, 25% used [0x00000000a0000000,0x00000000a1a35dd8,0x00000000a6500000)
 Metaspace       used 52207K, capacity 53814K, committed 53888K, reserved 1095680K
  class space    used 7137K, capacity 7550K, committed 7552K, reserved 1048576K
}
Event: 13.761 GC heap before
{Heap before GC invocations=12 (full 2):
 PSYoungGen      total 160768K, used 160753K [0x00000000e0000000, 0x00000000ed380000, 0x0000000100000000)
  eden space 145920K, 100% used [0x00000000e0000000,0x00000000e8e80000,0x00000000e8e80000)
  from space 14848K, 99% used [0x00000000e8e80000,0x00000000e9cfc5c8,0x00000000e9d00000)
  to   space 18944K, 0% used [0x00000000ec100000,0x00000000ec100000,0x00000000ed380000)
 ParOldGen       total 103424K, used 26839K [0x00000000a0000000, 0x00000000a6500000, 0x00000000e0000000)
  object space 103424K, 25% used [0x00000000a0000000,0x00000000a1a35dd8,0x00000000a6500000)
 Metaspace       used 56839K, capacity 58636K, committed 58880K, reserved 1099776K
  class space    used 7658K, capacity 8073K, committed 8192K, reserved 1048576K
Event: 13.782 GC heap after
Heap after GC invocations=12 (full 2):
 PSYoungGen      total 192512K, used 18936K [0x00000000e0000000, 0x00000000eda00000, 0x0000000100000000)
  eden space 173568K, 0% used [0x00000000e0000000,0x00000000e0000000,0x00000000ea980000)
  from space 18944K, 99% used [0x00000000ec100000,0x00000000ed37e0b8,0x00000000ed380000)
  to   space 24064K, 0% used [0x00000000ea980000,0x00000000ea980000,0x00000000ec100000)
 ParOldGen       total 103424K, used 32937K [0x00000000a0000000, 0x00000000a6500000, 0x00000000e0000000)
  object space 103424K, 31% used [0x00000000a0000000,0x00000000a202a550,0x00000000a6500000)
 Metaspace       used 56839K, capacity 58636K, committed 58880K, reserved 1099776K
  class space    used 7658K, capacity 8073K, committed 8192K, reserved 1048576K
}
Event: 13.799 GC heap before
{Heap before GC invocations=13 (full 2):
 PSYoungGen      total 192512K, used 21434K [0x00000000e0000000, 0x00000000eda00000, 0x0000000100000000)
  eden space 173568K, 1% used [0x00000000e0000000,0x00000000e02708b8,0x00000000ea980000)
  from space 18944K, 99% used [0x00000000ec100000,0x00000000ed37e0b8,0x00000000ed380000)
  to   space 24064K, 0% used [0x00000000ea980000,0x00000000ea980000,0x00000000ec100000)
 ParOldGen       total 103424K, used 32937K [0x00000000a0000000, 0x00000000a6500000, 0x00000000e0000000)
  object space 103424K, 31% used [0x00000000a0000000,0x00000000a202a550,0x00000000a6500000)
 Metaspace       used 57126K, capacity 58924K, committed 59028K, reserved 1099776K
  class space    used 7674K, capacity 8105K, committed 8192K, reserved 1048576K
Event: 13.817 GC heap after
Heap after GC invocations=13 (full 2):
 PSYoungGen      total 197632K, used 7663K [0x00000000e0000000, 0x00000000f2f80000, 0x0000000100000000)
  eden space 173568K, 0% used [0x00000000e0000000,0x00000000e0000000,0x00000000ea980000)
  from space 24064K, 31% used [0x00000000ea980000,0x00000000eb0fbf80,0x00000000ec100000)
  to   space 23040K, 0% used [0x00000000f1900000,0x00000000f1900000,0x00000000f2f80000)
 ParOldGen       total 103424K, used 44591K [0x00000000a0000000, 0x00000000a6500000, 0x00000000e0000000)
  object space 103424K, 43% used [0x00000000a0000000,0x00000000a2b8be08,0x00000000a6500000)
 Metaspace       used 57126K, capacity 58924K, committed 59028K, reserved 1099776K
  class space    used 7674K, capacity 8105K, committed 8192K, reserved 1048576K
}
Event: 13.817 GC heap before
{Heap before GC invocations=14 (full 3):
 PSYoungGen      total 197632K, used 7663K [0x00000000e0000000, 0x00000000f2f80000, 0x0000000100000000)
  eden space 173568K, 0% used [0x00000000e0000000,0x00000000e0000000,0x00000000ea980000)
  from space 24064K, 31% used [0x00000000ea980000,0x00000000eb0fbf80,0x00000000ec100000)
  to   space 23040K, 0% used [0x00000000f1900000,0x00000000f1900000,0x00000000f2f80000)
 ParOldGen       total 103424K, used 44591K [0x00000000a0000000, 0x00000000a6500000, 0x00000000e0000000)
  object space 103424K, 43% used [0x00000000a0000000,0x00000000a2b8be08,0x00000000a6500000)
 Metaspace       used 57126K, capacity 58924K, committed 59028K, reserved 1099776K
  class space    used 7674K, capacity 8105K, committed 8192K, reserved 1048576K
Event: 13.952 GC heap after
Heap after GC invocations=14 (full 3):
 PSYoungGen      total 197632K, used 0K [0x00000000e0000000, 0x00000000f2f80000, 0x0000000100000000)
  eden space 173568K, 0% used [0x00000000e0000000,0x00000000e0000000,0x00000000ea980000)
  from space 24064K, 0% used [0x00000000ea980000,0x00000000ea980000,0x00000000ec100000)
  to   space 23040K, 0% used [0x00000000f1900000,0x00000000f1900000,0x00000000f2f80000)
 ParOldGen       total 133120K, used 38066K [0x00000000a0000000, 0x00000000a8200000, 0x00000000e0000000)
  object space 133120K, 28% used [0x00000000a0000000,0x00000000a252ca80,0x00000000a8200000)
 Metaspace       used 57126K, capacity 58924K, committed 59028K, reserved 1099776K
  class space    used 7674K, capacity 8105K, committed 8192K, reserved 1048576K
}

Deoptimization events (10 events):
Event: 1209.377 Thread 0x000000001cca5000 Uncommon trap: reason=class_check action=maybe_recompile pc=0x0000000004102b70 method=org.gradle.api.internal.changedetection.state.CachingFileHasher.snapshot(Ljava/io/File;JJ)Lorg/gradle/api/internal/changedetection/state/CachingFileHasher$FileInfo; @ 14
Event: 1209.377 Thread 0x000000001cca5000 Uncommon trap: reason=unstable_if action=reinterpret pc=0x0000000003d3eb68 method=org.gradle.internal.hash.HashCode.equals(Ljava/lang/Object;)Z @ 2
Event: 1209.377 Thread 0x000000001cca5000 Uncommon trap: reason=class_check action=maybe_recompile pc=0x0000000004102b70 method=org.gradle.api.internal.changedetection.state.CachingFileHasher.snapshot(Ljava/io/File;JJ)Lorg/gradle/api/internal/changedetection/state/CachingFileHasher$FileInfo; @ 14
Event: 1209.389 Thread 0x000000001cca5000 Uncommon trap: reason=class_check action=maybe_recompile pc=0x0000000004102b70 method=org.gradle.api.internal.changedetection.state.CachingFileHasher.snapshot(Ljava/io/File;JJ)Lorg/gradle/api/internal/changedetection/state/CachingFileHasher$FileInfo; @ 14
Event: 1209.648 Thread 0x000000001cca5000 Uncommon trap: reason=unstable_if action=reinterpret pc=0x00000000038abab4 method=com.google.common.collect.MapMakerInternalMap$Segment.getEntry(Ljava/lang/Object;I)Lcom/google/common/collect/MapMakerInternalMap$ReferenceEntry; @ 40
Event: 1209.650 Thread 0x000000001cca5000 Uncommon trap: reason=unstable_if action=reinterpret pc=0x00000000040327e0 method=com.google.common.collect.MapMakerInternalMap$Segment.drainKeyReferenceQueue()V @ 11
Event: 1209.650 Thread 0x000000001cca5000 Uncommon trap: reason=class_check action=maybe_recompile pc=0x0000000004102b70 method=org.gradle.api.internal.changedetection.state.CachingFileHasher.snapshot(Ljava/io/File;JJ)Lorg/gradle/api/internal/changedetection/state/CachingFileHasher$FileInfo; @ 14
Event: 1209.650 Thread 0x000000001cca5000 Uncommon trap: reason=unstable_if action=reinterpret pc=0x0000000003f11d30 method=com.google.common.collect.MapMakerInternalMap$Segment.getEntry(Ljava/lang/Object;I)Lcom/google/common/collect/MapMakerInternalMap$ReferenceEntry; @ 40
Event: 1209.650 Thread 0x000000001cca5000 Uncommon trap: reason=unstable_if action=reinterpret pc=0x0000000004003d28 method=com.google.common.collect.MapMakerInternalMap$Segment.drainKeyReferenceQueue()V @ 11
Event: 1209.710 Thread 0x000000001cca5000 Uncommon trap: reason=unstable_if action=reinterpret pc=0x0000000003942da0 method=sun.nio.fs.WindowsNativeDispatcher.asNativeBuffer(Ljava/lang/String;)Lsun/nio/fs/NativeBuffer; @ 33

Classes redefined (0 events):
No events

Internal exceptions (10 events):
Event: 1209.777 Thread 0x000000001cca5000 Exception <a 'sun/nio/fs/WindowsException'> (0x00000000e29fb828) thrown at [D:\src\AOSP-openjdk-cygwin\jdk8u\hotspot\src\share\vm\prims\jni.cpp, line 709]
Event: 1209.777 Thread 0x000000001cca5000 Exception <a 'sun/nio/fs/WindowsException'> (0x00000000e29fc340) thrown at [D:\src\AOSP-openjdk-cygwin\jdk8u\hotspot\src\share\vm\prims\jni.cpp, line 709]
Event: 1209.778 Thread 0x000000001cca5000 Exception <a 'sun/nio/fs/WindowsException'> (0x00000000e29fec98) thrown at [D:\src\AOSP-openjdk-cygwin\jdk8u\hotspot\src\share\vm\prims\jni.cpp, line 709]
Event: 1209.778 Thread 0x000000001cca5000 Exception <a 'sun/nio/fs/WindowsException'> (0x00000000e29ff7f0) thrown at [D:\src\AOSP-openjdk-cygwin\jdk8u\hotspot\src\share\vm\prims\jni.cpp, line 709]
Event: 1209.778 Thread 0x000000001cca5000 Exception <a 'sun/nio/fs/WindowsException'> (0x00000000e2a01390) thrown at [D:\src\AOSP-openjdk-cygwin\jdk8u\hotspot\src\share\vm\prims\jni.cpp, line 709]
Event: 1209.778 Thread 0x000000001cca5000 Exception <a 'sun/nio/fs/WindowsException'> (0x00000000e2a01f20) thrown at [D:\src\AOSP-openjdk-cygwin\jdk8u\hotspot\src\share\vm\prims\jni.cpp, line 709]
Event: 1209.778 Thread 0x000000001cca5000 Exception <a 'sun/nio/fs/WindowsException'> (0x00000000e2a04ff0) thrown at [D:\src\AOSP-openjdk-cygwin\jdk8u\hotspot\src\share\vm\prims\jni.cpp, line 709]
Event: 1209.778 Thread 0x000000001cca5000 Exception <a 'sun/nio/fs/WindowsException'> (0x00000000e2a05ba8) thrown at [D:\src\AOSP-openjdk-cygwin\jdk8u\hotspot\src\share\vm\prims\jni.cpp, line 709]
Event: 1209.778 Thread 0x000000001cca5000 Exception <a 'sun/nio/fs/WindowsException'> (0x00000000e2a07798) thrown at [D:\src\AOSP-openjdk-cygwin\jdk8u\hotspot\src\share\vm\prims\jni.cpp, line 709]
Event: 1209.778 Thread 0x000000001cca5000 Exception <a 'sun/nio/fs/WindowsException'> (0x00000000e2a08390) thrown at [D:\src\AOSP-openjdk-cygwin\jdk8u\hotspot\src\share\vm\prims\jni.cpp, line 709]

Events (10 events):
Event: 1209.824 Thread 0x000000001cca5000 DEOPT PACKING pc=0x0000000003c8347d sp=0x000000002350b800
Event: 1209.824 Thread 0x000000001cca5000 DEOPT UNPACKING pc=0x0000000002c575d0 sp=0x000000002350b5a8 mode 0
Event: 1209.824 Thread 0x000000001cca5000 DEOPT PACKING pc=0x0000000003c8347d sp=0x000000002350b750
Event: 1209.824 Thread 0x000000001cca5000 DEOPT UNPACKING pc=0x0000000002c575d0 sp=0x000000002350b4f8 mode 0
Event: 1209.826 Thread 0x000000001cca5000 DEOPT PACKING pc=0x0000000002fe8512 sp=0x000000002350b1c0
Event: 1209.826 Thread 0x000000001cca5000 DEOPT UNPACKING pc=0x0000000002c575d0 sp=0x000000002350af48 mode 0
Event: 1209.829 Thread 0x000000001cca5000 DEOPT PACKING pc=0x0000000003c8347d sp=0x000000002350b800
Event: 1209.829 Thread 0x000000001cca5000 DEOPT UNPACKING pc=0x0000000002c575d0 sp=0x000000002350b5a8 mode 0
Event: 1209.829 Thread 0x000000001cca5000 DEOPT PACKING pc=0x0000000003c8347d sp=0x000000002350b750
Event: 1209.829 Thread 0x000000001cca5000 DEOPT UNPACKING pc=0x0000000002c575d0 sp=0x000000002350b4f8 mode 0


Dynamic libraries:
0x00007ff6b0d00000 - 0x00007ff6b0d31000 	D:\Android\Android\jre\bin\java.exe
0x00007ffb48990000 - 0x00007ffb48b71000 	C:\WINDOWS\SYSTEM32\ntdll.dll
0x00007ffb48230000 - 0x00007ffb482e1000 	C:\WINDOWS\System32\KERNEL32.DLL
0x00007ffb45660000 - 0x00007ffb458d3000 	C:\WINDOWS\System32\KERNELBASE.dll
0x00007ffb45e20000 - 0x00007ffb45ec1000 	C:\WINDOWS\System32\ADVAPI32.dll
0x00007ffb462f0000 - 0x00007ffb4638e000 	C:\WINDOWS\System32\msvcrt.dll
0x00007ffb47f40000 - 0x00007ffb47f9b000 	C:\WINDOWS\System32\sechost.dll
0x00007ffb480f0000 - 0x00007ffb48214000 	C:\WINDOWS\System32\RPCRT4.dll
0x00007ffb45fc0000 - 0x00007ffb46150000 	C:\WINDOWS\System32\USER32.dll
0x00007ffb45bc0000 - 0x00007ffb45be0000 	C:\WINDOWS\System32\win32u.dll
0x00007ffb484d0000 - 0x00007ffb484f8000 	C:\WINDOWS\System32\GDI32.dll
0x00007ffb45c80000 - 0x00007ffb45e12000 	C:\WINDOWS\System32\gdi32full.dll
0x00007ffb45be0000 - 0x00007ffb45c7f000 	C:\WINDOWS\System32\msvcp_win.dll
0x00007ffb45990000 - 0x00007ffb45a88000 	C:\WINDOWS\System32\ucrtbase.dll
0x00007ffb335a0000 - 0x00007ffb33809000 	C:\WINDOWS\WinSxS\amd64_microsoft.windows.common-controls_6595b64144ccf1df_6.0.17134.706_none_fb43a2cb30647007\COMCTL32.dll
0x00007ffb46440000 - 0x00007ffb46762000 	C:\WINDOWS\System32\combase.dll
0x00007ffb45a90000 - 0x00007ffb45b0a000 	C:\WINDOWS\System32\bcryptPrimitives.dll
0x00007ffb467a0000 - 0x00007ffb467cd000 	C:\WINDOWS\System32\IMM32.DLL
0x0000000067f00000 - 0x0000000067fd2000 	D:\Android\Android\jre\jre\bin\msvcr100.dll
0x0000000067fe0000 - 0x000000006881f000 	D:\Android\Android\jre\jre\bin\server\jvm.dll
0x00007ffb48220000 - 0x00007ffb48228000 	C:\WINDOWS\System32\PSAPI.DLL
0x00007ffb35b80000 - 0x00007ffb35b89000 	C:\WINDOWS\SYSTEM32\WSOCK32.dll
0x00007ffb42db0000 - 0x00007ffb42dd3000 	C:\WINDOWS\SYSTEM32\WINMM.dll
0x00007ffb47fa0000 - 0x00007ffb4800c000 	C:\WINDOWS\System32\WS2_32.dll
0x00007ffb3d5e0000 - 0x00007ffb3d5ea000 	C:\WINDOWS\SYSTEM32\VERSION.dll
0x00007ffb42a40000 - 0x00007ffb42a6a000 	C:\WINDOWS\SYSTEM32\winmmbase.dll
0x00007ffb45b70000 - 0x00007ffb45bb9000 	C:\WINDOWS\System32\cfgmgr32.dll
0x00007ffb43060000 - 0x00007ffb4306f000 	D:\Android\Android\jre\jre\bin\verify.dll
0x00007ffb37fe0000 - 0x00007ffb38009000 	D:\Android\Android\jre\jre\bin\java.dll
0x00007ffb3d040000 - 0x00007ffb3d056000 	D:\Android\Android\jre\jre\bin\zip.dll
0x00007ffb468d0000 - 0x00007ffb47d10000 	C:\WINDOWS\System32\SHELL32.dll
0x00007ffb46390000 - 0x00007ffb46439000 	C:\WINDOWS\System32\shcore.dll
0x00007ffb44d60000 - 0x00007ffb4546d000 	C:\WINDOWS\System32\windows.storage.dll
0x00007ffb467d0000 - 0x00007ffb46821000 	C:\WINDOWS\System32\shlwapi.dll
0x00007ffb44cd0000 - 0x00007ffb44ce1000 	C:\WINDOWS\System32\kernel.appcore.dll
0x00007ffb44cf0000 - 0x00007ffb44d0f000 	C:\WINDOWS\System32\profapi.dll
0x00007ffb44d10000 - 0x00007ffb44d5c000 	C:\WINDOWS\System32\powrprof.dll
0x00007ffb44ca0000 - 0x00007ffb44caa000 	C:\WINDOWS\System32\FLTLIB.DLL
0x00007ffb3bd10000 - 0x00007ffb3bd2a000 	D:\Android\Android\jre\jre\bin\net.dll
0x00007ffb444c0000 - 0x00007ffb44526000 	C:\WINDOWS\system32\mswsock.dll
0x00007ffb39930000 - 0x00007ffb39941000 	D:\Android\Android\jre\jre\bin\nio.dll
0x00007ffb36580000 - 0x00007ffb3659e000 	C:\Users\locate\.gradle\native\25\windows-amd64\native-platform.dll
0x00007ffb3ce70000 - 0x00007ffb3ce7d000 	D:\Android\Android\jre\jre\bin\management.dll
0x00007ffb44680000 - 0x00007ffb44697000 	C:\WINDOWS\SYSTEM32\CRYPTSP.dll
0x00007ffb440a0000 - 0x00007ffb440d3000 	C:\WINDOWS\system32\rsaenh.dll
0x00007ffb447a0000 - 0x00007ffb447c5000 	C:\WINDOWS\SYSTEM32\bcrypt.dll
0x00007ffb44ba0000 - 0x00007ffb44bc8000 	C:\WINDOWS\SYSTEM32\USERENV.dll
0x00007ffb44670000 - 0x00007ffb4467b000 	C:\WINDOWS\SYSTEM32\CRYPTBASE.dll
0x00007ffb44240000 - 0x00007ffb44278000 	C:\WINDOWS\SYSTEM32\IPHLPAPI.DLL
0x00007ffb46790000 - 0x00007ffb46798000 	C:\WINDOWS\System32\NSI.dll
0x00007ffb3ff30000 - 0x00007ffb3ff46000 	C:\WINDOWS\SYSTEM32\dhcpcsvc6.DLL
0x00007ffb3fe70000 - 0x00007ffb3fe8a000 	C:\WINDOWS\SYSTEM32\dhcpcsvc.DLL

VM Arguments:
jvm_args: -Xmx1536m -Dfile.encoding=GBK -Duser.country=CN -Duser.language=zh -Duser.variant 
java_command: org.gradle.launcher.daemon.bootstrap.GradleDaemon 4.4
java_class_path (initial): C:\Users\locate\.gradle\wrapper\dists\gradle-4.4-all\9br9xq1tocpiv8o6njlyu5op1\gradle-4.4\lib\gradle-launcher-4.4.jar
Launcher Type: SUN_STANDARD

Environment Variables:
JAVA_HOME=D:\Android\java\jdk
PATH=D:\Android\Git\cmd;D:\Android\SDK\platform-tools;D:\Android\gradle\gradle-4.6-all\gradle-4.6\bin;D:\Android\java\jdk\bin;D:\Android\SDK\ndk-bundle\build;C:\WINDOWS\system32;C:\WINDOWS;C:\WINDOWS\System32\Wbem;C:\WINDOWS\System32\WindowsPowerShell\v1.0\;C:\WINDOWS\System32\OpenSSH\;F:\Program Files\nodejs\;F:\src\flutter\flutter\bin;D:\Android\Git\cmd;C:\Users\locate\AppData\Local\Microsoft\WindowsApps;C:\Users\locate\AppData\Roaming\npm;F:\NewData\PhoenixSuit_V1.10\
USERNAME=locate
OS=Windows_NT
PROCESSOR_IDENTIFIER=Intel64 Family 6 Model 60 Stepping 3, GenuineIntel



---------------  S Y S T E M  ---------------

OS: Windows 10.0 , 64 bit Build 17134 (10.0.17134.706)

CPU:total 4 (initial active 4) (4 cores per cpu, 1 threads per core) family 6 model 60 stepping 3, cmov, cx8, fxsr, mmx, sse, sse2, sse3, ssse3, sse4.1, sse4.2, popcnt, avx, avx2, aes, clmul, erms, lzcnt, tsc, tscinvbit, bmi1, bmi2

Memory: 4k page, physical 8272448k(1279340k free), swap 16017232k(4580k free)

vm_info: OpenJDK 64-Bit Server VM (25.152-b02) for windows-amd64 JRE (1.8.0_152-release-1024-b02), built by "builder" with MS VC++ 10.0 (VS2010)

time: Mon Apr 22 18:56:01 2019
elapsed time: 1209 seconds (0d 0h 20m 9s)

